app/build/outputs/logs/manifest-merger-debug-report.txt
-- Merging decision tree log ---
manifest
ADDED from src\main\AndroidManifest.xml:2:1-48:12
INJECTED from src\main\AndroidManifest.xml:2:1-48:12
INJECTED from src\main\AndroidManifest.xml:2:1-48:12
INJECTED from src\main\AndroidManifest.xml:2:1-48:12
MERGED from [com.android.support:design:28.0.0-beta01] AndroidManifest.xml:17:1-24:12
MERGED from [com.android.support:appcompat-v7:28.0.0-beta01] AndroidManifest.xml:17:1-22:12
MERGED from [com.android.support.constraint:constraint-layout:1.1.2] AndroidManifest.xml:2:1-11:12
MERGED from [de.hdodenhof:circleimageview:2.2.0] AndroidManifest.xml:2:1-11:12
MERGED from [com.android.support:support-v4:28.0.0-beta01] AndroidManifest.xml:17:1-22:12
MERGED from [com.android.support:support-fragment:28.0.0-beta01] AndroidManifest.xml:17:1-22:12
MERGED from [com.android.support:animated-vector-drawable:28.0.0-beta01] AndroidManifest.xml:17:1-22:12
MERGED from [com.android.support:recyclerview-v7:28.0.0-beta01] AndroidManifest.xml:17:1-22:12
MERGED from [com.android.support:support-core-ui:28.0.0-beta01] AndroidManifest.xml:17:1-22:12
MERGED from [com.android.support:support-core-utils:28.0.0-beta01] AndroidManifest.xml:17:1-22:12
MERGED from [com.android.support:support-vector-drawable:28.0.0-beta01] AndroidManifest.xml:17:1-22:12
MERGED from [com.android.support:transition:28.0.0-beta01] AndroidManifest.xml:17:1-22:12
MERGED from [com.android.support:support-media-compat:28.0.0-beta01] AndroidManifest.xml:17:1-22:12
MERGED from [com.android.support:loader:28.0.0-beta01] AndroidManifest.xml:17:1-22:12
MERGED from [com.android.support:viewpager:28.0.0-beta01] AndroidManifest.xml:17:1-22:12
MERGED from [com.android.support:coordinatorlayout:28.0.0-beta01] AndroidManifest.xml:17:1-22:12
MERGED from [com.android.support:drawerlayout:28.0.0-beta01] AndroidManifest.xml:17:1-22:12
MERGED from [com.android.support:slidingpanelayout:28.0.0-beta01] AndroidManifest.xml:17:1-22:12
MERGED from [com.android.support:customview:28.0.0-beta01] AndroidManifest.xml:17:1-22:12
MERGED from [com.android.support:swiperefreshlayout:28.0.0-beta01] AndroidManifest.xml:17:1-22:12
MERGED from [com.android.support:asynclayoutinflater:28.0.0-beta01] AndroidManifest.xml:17:1-22:12
MERGED from [com.android.support:support-compat:28.0.0-beta01] AndroidManifest.xml:17:1-24:12
MERGED from [com.android.support:cursoradapter:28.0.0-beta01] AndroidManifest.xml:17:1-22:12
MERGED from [com.android.support:cardview-v7:28.0.0-beta01] AndroidManifest.xml:17:1-22:12
MERGED from [android.arch.lifecycle:runtime:1.1.1] AndroidManifest.xml:17:1-22:12
MERGED from [com.android.support:versionedparcelable:28.0.0-beta01] AndroidManifest.xml:17:1-25:12
MERGED from [com.android.support:documentfile:28.0.0-beta01] AndroidManifest.xml:17:1-22:12
MERGED from [com.android.support:localbroadcastmanager:28.0.0-beta01] AndroidManifest.xml:17:1-22:12
MERGED from [com.android.support:print:28.0.0-beta01] AndroidManifest.xml:17:1-22:12
MERGED from [android.arch.lifecycle:viewmodel:1.1.1] AndroidManifest.xml:17:1-22:12
MERGED from [com.android.support:interpolator:28.0.0-beta01] AndroidManifest.xml:17:1-22:12
MERGED from [android.arch.lifecycle:livedata-core:1.1.1] AndroidManifest.xml:17:1-22:12
MERGED from [android.arch.core:runtime:1.1.1] AndroidManifest.xml:17:1-22:12
INJECTED from src\main\AndroidManifest.xml:2:1-48:12
INJECTED from src\main\AndroidManifest.xml:2:1-48:12
INJECTED from src\main\AndroidManifest.xml:2:1-48:12
	package
		ADDED from src\main\AndroidManifest.xml:3:5-49
		INJECTED from src\main\AndroidManifest.xml
		INJECTED from src\main\AndroidManifest.xml
	android:versionName
		INJECTED from src\main\AndroidManifest.xml
		ADDED from src\main\AndroidManifest.xml:2:1-48:12
		INJECTED from src\main\AndroidManifest.xml
	android:versionCode
		INJECTED from src\main\AndroidManifest.xml
		ADDED from src\main\AndroidManifest.xml:2:1-48:12
		INJECTED from src\main\AndroidManifest.xml
	xmlns:android
		ADDED from src\main\AndroidManifest.xml:2:11-69
uses-permission#android.permission.ACCESS_WIFI_STATE
ADDED from src\main\AndroidManifest.xml:5:5-76
	android:name
		ADDED from src\main\AndroidManifest.xml:5:22-73
uses-permission#android.permission.CHANGE_WIFI_STATE
ADDED from src\main\AndroidManifest.xml:6:5-76
	android:name
		ADDED from src\main\AndroidManifest.xml:6:22-73
uses-permission#android.permission.ACCESS_NETWORK_STATE
ADDED from src\main\AndroidManifest.xml:7:5-79
	android:name
		ADDED from src\main\AndroidManifest.xml:7:22-76
uses-permission#android.permission.CHANGE_NETWORK_STATE
ADDED from src\main\AndroidManifest.xml:8:5-79
	android:name
		ADDED from src\main\AndroidManifest.xml:8:22-76
uses-permission#android.permission.INTERNET
ADDED from src\main\AndroidManifest.xml:9:5-67
	android:name
		ADDED from src\main\AndroidManifest.xml:9:22-64
uses-permission#android.permission.ACCESS_COARSE_LOCATION
ADDED from src\main\AndroidManifest.xml:10:5-12:35
	android:required
		ADDED from src\main\AndroidManifest.xml:12:9-32
	android:name
		ADDED from src\main\AndroidManifest.xml:11:9-65
uses-feature#android.hardware.wifi.direct
ADDED from src\main\AndroidManifest.xml:14:5-16:35
	android:required
		ADDED from src\main\AndroidManifest.xml:16:9-32
	android:name
		ADDED from src\main\AndroidManifest.xml:15:9-52
uses-permission#android.permission.READ_PHONE_STATE
ADDED from src\main\AndroidManifest.xml:18:5-75
	android:name
		ADDED from src\main\AndroidManifest.xml:18:22-72
uses-permission#android.permission.WRITE_EXTERNAL_STORAGE
ADDED from src\main\AndroidManifest.xml:19:5-81
	android:name
		ADDED from src\main\AndroidManifest.xml:19:22-78
application
ADDED from src\main\AndroidManifest.xml:21:5-46:19
MERGED from [com.android.support:design:28.0.0-beta01] AndroidManifest.xml:22:5-20
MERGED from [com.android.support:design:28.0.0-beta01] AndroidManifest.xml:22:5-20
MERGED from [com.android.support.constraint:constraint-layout:1.1.2] AndroidManifest.xml:9:5-20
MERGED from [com.android.support.constraint:constraint-layout:1.1.2] AndroidManifest.xml:9:5-20
MERGED from [de.hdodenhof:circleimageview:2.2.0] AndroidManifest.xml:9:5-20
MERGED from [de.hdodenhof:circleimageview:2.2.0] AndroidManifest.xml:9:5-20
MERGED from [com.android.support:support-compat:28.0.0-beta01] AndroidManifest.xml:22:5-94
MERGED from [com.android.support:support-compat:28.0.0-beta01] AndroidManifest.xml:22:5-94
MERGED from [com.android.support:versionedparcelable:28.0.0-beta01] AndroidManifest.xml:22:5-23:19
MERGED from [com.android.support:versionedparcelable:28.0.0-beta01] AndroidManifest.xml:22:5-23:19
	android:appComponentFactory
		ADDED from [com.android.support:support-compat:28.0.0-beta01] AndroidManifest.xml:22:18-91
	android:supportsRtl
		ADDED from src\main\AndroidManifest.xml:26:9-35
	android:label
		ADDED from src\main\AndroidManifest.xml:24:9-41
	android:roundIcon
		ADDED from src\main\AndroidManifest.xml:25:9-54
	android:icon
		ADDED from src\main\AndroidManifest.xml:23:9-43
	android:allowBackup
		ADDED from src\main\AndroidManifest.xml:22:9-35
	android:theme
		ADDED from src\main\AndroidManifest.xml:27:9-40
activity#com.example.nirjhor.offlinecalling.MainActivity
ADDED from src\main\AndroidManifest.xml:28:9-34:20
	android:name
		ADDED from src\main\AndroidManifest.xml:28:19-47
intent-filter#action:name:android.intent.action.MAIN+category:name:android.intent.category.LAUNCHER
ADDED from src\main\AndroidManifest.xml:29:13-33:29
action#android.intent.action.MAIN
ADDED from src\main\AndroidManifest.xml:30:17-69
	android:name
		ADDED from src\main\AndroidManifest.xml:30:25-66
category#android.intent.category.LAUNCHER
ADDED from src\main\AndroidManifest.xml:32:17-77
	android:name
		ADDED from src\main\AndroidManifest.xml:32:27-74
activity#com.example.nirjhor.offlinecalling.MakeCall
ADDED from src\main\AndroidManifest.xml:35:9-46
	android:name
		ADDED from src\main\AndroidManifest.xml:35:19-43
activity#com.example.nirjhor.offlinecalling.MessageSend
ADDED from src\main\AndroidManifest.xml:36:9-49
	android:name
		ADDED from src\main\AndroidManifest.xml:36:19-46
activity#com.example.nirjhor.offlinecalling.GroupMessage
ADDED from src\main\AndroidManifest.xml:37:9-50
	android:name
		ADDED from src\main\AndroidManifest.xml:37:19-47
activity#com.example.nirjhor.offlinecalling.GroupCall
ADDED from src\main\AndroidManifest.xml:38:9-47
	android:name
		ADDED from src\main\AndroidManifest.xml:38:19-44
activity#com.example.nirjhor.offlinecalling.DbTest
ADDED from src\main\AndroidManifest.xml:39:9-44
	android:name
		ADDED from src\main\AndroidManifest.xml:39:19-41
activity#com.example.nirjhor.offlinecalling.CarListActivity
ADDED from src\main\AndroidManifest.xml:40:9-53
	android:name
		ADDED from src\main\AndroidManifest.xml:40:19-50
activity#com.example.nirjhor.offlinecalling.MessageListActivity
ADDED from src\main\AndroidManifest.xml:41:9-57
	android:name
		ADDED from src\main\AndroidManifest.xml:41:19-54
activity#com.example.nirjhor.offlinecalling.Db_Test2
ADDED from src\main\AndroidManifest.xml:42:9-46
	android:name
		ADDED from src\main\AndroidManifest.xml:42:19-43
activity#com.example.nirjhor.offlinecalling.IpTest
ADDED from src\main\AndroidManifest.xml:43:9-53
	android:name
		ADDED from src\main\AndroidManifest.xml:43:19-41
activity#com.example.nirjhor.offlinecalling.Ip_lister
ADDED from src\main\AndroidManifest.xml:44:9-56
	android:name
		ADDED from src\main\AndroidManifest.xml:44:19-44
activity#com.example.nirjhor.offlinecalling.Group_MessageSend
ADDED from src\main\AndroidManifest.xml:45:9-64
	android:name
		ADDED from src\main\AndroidManifest.xml:45:19-52
uses-sdk
INJECTED from src\main\AndroidManifest.xml reason: use-sdk injection requested
INJECTED from src\main\AndroidManifest.xml
INJECTED from src\main\AndroidManifest.xml
MERGED from [com.android.support:design:28.0.0-beta01] AndroidManifest.xml:20:5-44
MERGED from [com.android.support:design:28.0.0-beta01] AndroidManifest.xml:20:5-44
MERGED from [com.android.support:appcompat-v7:28.0.0-beta01] AndroidManifest.xml:20:5-44
MERGED from [com.android.support:appcompat-v7:28.0.0-beta01] AndroidManifest.xml:20:5-44
MERGED from [com.android.support.constraint:constraint-layout:1.1.2] AndroidManifest.xml:5:5-7:41
MERGED from [com.android.support.constraint:constraint-layout:1.1.2] AndroidManifest.xml:5:5-7:41
MERGED from [de.hdodenhof:circleimageview:2.2.0] AndroidManifest.xml:5:5-7:41
MERGED from [de.hdodenhof:circleimageview:2.2.0] AndroidManifest.xml:5:5-7:41
MERGED from [com.android.support:support-v4:28.0.0-beta01] AndroidManifest.xml:20:5-44
MERGED from [com.android.support:support-v4:28.0.0-beta01] AndroidManifest.xml:20:5-44
MERGED from [com.android.support:support-fragment:28.0.0-beta01] AndroidManifest.xml:20:5-44
MERGED from [com.android.support:support-fragment:28.0.0-beta01] AndroidManifest.xml:20:5-44
MERGED from [com.android.support:animated-vector-drawable:28.0.0-beta01] AndroidManifest.xml:20:5-44
MERGED from [com.android.support:animated-vector-drawable:28.0.0-beta01] AndroidManifest.xml:20:5-44
MERGED from [com.android.support:recyclerview-v7:28.0.0-beta01] AndroidManifest.xml:20:5-44
MERGED from [com.android.support:recyclerview-v7:28.0.0-beta01] AndroidManifest.xml:20:5-44
MERGED from [com.android.support:support-core-ui:28.0.0-beta01] AndroidManifest.xml:20:5-44
MERGED from [com.android.support:support-core-ui:28.0.0-beta01] AndroidManifest.xml:20:5-44
MERGED from [com.android.support:support-core-utils:28.0.0-beta01] AndroidManifest.xml:20:5-44
MERGED from [com.android.support:support-core-utils:28.0.0-beta01] AndroidManifest.xml:20:5-44
MERGED from [com.android.support:support-vector-drawable:28.0.0-beta01] AndroidManifest.xml:20:5-44
MERGED from [com.android.support:support-vector-drawable:28.0.0-beta01] AndroidManifest.xml:20:5-44
MERGED from [com.android.support:transition:28.0.0-beta01] AndroidManifest.xml:20:5-44
MERGED from [com.android.support:transition:28.0.0-beta01] AndroidManifest.xml:20:5-44
MERGED from [com.android.support:support-media-compat:28.0.0-beta01] AndroidManifest.xml:20:5-44
MERGED from [com.android.support:support-media-compat:28.0.0-beta01] AndroidManifest.xml:20:5-44
MERGED from [com.android.support:loader:28.0.0-beta01] AndroidManifest.xml:20:5-44
MERGED from [com.android.support:loader:28.0.0-beta01] AndroidManifest.xml:20:5-44
MERGED from [com.android.support:viewpager:28.0.0-beta01] AndroidManifest.xml:20:5-44
MERGED from [com.android.support:viewpager:28.0.0-beta01] AndroidManifest.xml:20:5-44
MERGED from [com.android.support:coordinatorlayout:28.0.0-beta01] AndroidManifest.xml:20:5-44
MERGED from [com.android.support:coordinatorlayout:28.0.0-beta01] AndroidManifest.xml:20:5-44
MERGED from [com.android.support:drawerlayout:28.0.0-beta01] AndroidManifest.xml:20:5-44
MERGED from [com.android.support:drawerlayout:28.0.0-beta01] AndroidManifest.xml:20:5-44
MERGED from [com.android.support:slidingpanelayout:28.0.0-beta01] AndroidManifest.xml:20:5-44
MERGED from [com.android.support:slidingpanelayout:28.0.0-beta01] AndroidManifest.xml:20:5-44
MERGED from [com.android.support:customview:28.0.0-beta01] AndroidManifest.xml:20:5-44
MERGED from [com.android.support:customview:28.0.0-beta01] AndroidManifest.xml:20:5-44
MERGED from [com.android.support:swiperefreshlayout:28.0.0-beta01] AndroidManifest.xml:20:5-44
MERGED from [com.android.support:swiperefreshlayout:28.0.0-beta01] AndroidManifest.xml:20:5-44
MERGED from [com.android.support:asynclayoutinflater:28.0.0-beta01] AndroidManifest.xml:20:5-44
MERGED from [com.android.support:asynclayoutinflater:28.0.0-beta01] AndroidManifest.xml:20:5-44
MERGED from [com.android.support:support-compat:28.0.0-beta01] AndroidManifest.xml:20:5-44
MERGED from [com.android.support:support-compat:28.0.0-beta01] AndroidManifest.xml:20:5-44
MERGED from [com.android.support:cursoradapter:28.0.0-beta01] AndroidManifest.xml:20:5-44
MERGED from [com.android.support:cursoradapter:28.0.0-beta01] AndroidManifest.xml:20:5-44
MERGED from [com.android.support:cardview-v7:28.0.0-beta01] AndroidManifest.xml:20:5-44
MERGED from [com.android.support:cardview-v7:28.0.0-beta01] AndroidManifest.xml:20:5-44
MERGED from [android.arch.lifecycle:runtime:1.1.1] AndroidManifest.xml:20:5-44
MERGED from [android.arch.lifecycle:runtime:1.1.1] AndroidManifest.xml:20:5-44
MERGED from [com.android.support:versionedparcelable:28.0.0-beta01] AndroidManifest.xml:20:5-44
MERGED from [com.android.support:versionedparcelable:28.0.0-beta01] AndroidManifest.xml:20:5-44
MERGED from [com.android.support:documentfile:28.0.0-beta01] AndroidManifest.xml:20:5-44
MERGED from [com.android.support:documentfile:28.0.0-beta01] AndroidManifest.xml:20:5-44
MERGED from [com.android.support:localbroadcastmanager:28.0.0-beta01] AndroidManifest.xml:20:5-44
MERGED from [com.android.support:localbroadcastmanager:28.0.0-beta01] AndroidManifest.xml:20:5-44
MERGED from [com.android.support:print:28.0.0-beta01] AndroidManifest.xml:20:5-44
MERGED from [com.android.support:print:28.0.0-beta01] AndroidManifest.xml:20:5-44
MERGED from [android.arch.lifecycle:viewmodel:1.1.1] AndroidManifest.xml:20:5-44
MERGED from [android.arch.lifecycle:viewmodel:1.1.1] AndroidManifest.xml:20:5-44
MERGED from [com.android.support:interpolator:28.0.0-beta01] AndroidManifest.xml:20:5-44
MERGED from [com.android.support:interpolator:28.0.0-beta01] AndroidManifest.xml:20:5-44
MERGED from [android.arch.lifecycle:livedata-core:1.1.1] AndroidManifest.xml:20:5-44
MERGED from [android.arch.lifecycle:livedata-core:1.1.1] AndroidManifest.xml:20:5-44
MERGED from [android.arch.core:runtime:1.1.1] AndroidManifest.xml:20:5-44
MERGED from [android.arch.core:runtime:1.1.1] AndroidManifest.xml:20:5-44
INJECTED from src\main\AndroidManifest.xml
INJECTED from src\main\AndroidManifest.xml
	android:targetSdkVersion
		INJECTED from src\main\AndroidManifest.xml
		ADDED from src\main\AndroidManifest.xml
		INJECTED from src\main\AndroidManifest.xml
	android:minSdkVersion
		INJECTED from src\main\AndroidManifest.xml
		ADDED from src\main\AndroidManifest.xml
		INJECTED from src\main\AndroidManifest.xml